[14-Feb-2016 14:20:35 UTC] PHP Warning:  session_destroy(): Trying to destroy uninitialized session in /home/ubuntu/workspace/clases/Session.php on line 61
[14-Feb-2016 14:20:35 UTC] PHP Stack trace:
[14-Feb-2016 14:20:35 UTC] PHP   1. {main}() /home/ubuntu/workspace/ajax/ajaxLogin.php:0
[14-Feb-2016 14:20:35 UTC] PHP   2. Session->destroy() /home/ubuntu/workspace/ajax/ajaxLogin.php:26
[14-Feb-2016 14:20:35 UTC] PHP   3. session_destroy() /home/ubuntu/workspace/clases/Session.php:61
[14-Feb-2016 15:12:49 UTC] PHP Warning:  session_destroy(): Trying to destroy uninitialized session in /home/ubuntu/workspace/clases/Session.php on line 61
[14-Feb-2016 15:12:49 UTC] PHP Stack trace:
[14-Feb-2016 15:12:49 UTC] PHP   1. {main}() /home/ubuntu/workspace/ajax/ajaxLogin.php:0
[14-Feb-2016 15:12:49 UTC] PHP   2. Session->destroy() /home/ubuntu/workspace/ajax/ajaxLogin.php:22
[14-Feb-2016 15:12:49 UTC] PHP   3. session_destroy() /home/ubuntu/workspace/clases/Session.php:61
[14-Feb-2016 15:15:16 UTC] PHP Warning:  session_destroy(): Trying to destroy uninitialized session in /home/ubuntu/workspace/clases/Session.php on line 61
[14-Feb-2016 15:15:16 UTC] PHP Stack trace:
[14-Feb-2016 15:15:16 UTC] PHP   1. {main}() /home/ubuntu/workspace/ajax/ajaxLogin.php:0
[14-Feb-2016 15:15:16 UTC] PHP   2. Session->destroy() /home/ubuntu/workspace/ajax/ajaxLogin.php:22
[14-Feb-2016 15:15:16 UTC] PHP   3. session_destroy() /home/ubuntu/workspace/clases/Session.php:61
[14-Feb-2016 16:55:48 UTC] PHP Warning:  session_destroy(): Trying to destroy uninitialized session in /home/ubuntu/workspace/clases/Session.php on line 61
[14-Feb-2016 16:55:48 UTC] PHP Stack trace:
[14-Feb-2016 16:55:48 UTC] PHP   1. {main}() /home/ubuntu/workspace/ajax/ajaxLogin.php:0
[14-Feb-2016 16:55:48 UTC] PHP   2. Session->destroy() /home/ubuntu/workspace/ajax/ajaxLogin.php:22
[14-Feb-2016 16:55:48 UTC] PHP   3. session_destroy() /home/ubuntu/workspace/clases/Session.php:61
[14-Feb-2016 16:56:31 UTC] PHP Warning:  session_destroy(): Trying to destroy uninitialized session in /home/ubuntu/workspace/clases/Session.php on line 61
[14-Feb-2016 16:56:31 UTC] PHP Stack trace:
[14-Feb-2016 16:56:31 UTC] PHP   1. {main}() /home/ubuntu/workspace/ajax/ajaxLogin.php:0
[14-Feb-2016 16:56:31 UTC] PHP   2. Session->destroy() /home/ubuntu/workspace/ajax/ajaxLogin.php:22
[14-Feb-2016 16:56:31 UTC] PHP   3. session_destroy() /home/ubuntu/workspace/clases/Session.php:61
[14-Feb-2016 16:58:18 UTC] PHP Warning:  session_destroy(): Trying to destroy uninitialized session in /home/ubuntu/workspace/clases/Session.php on line 61
[14-Feb-2016 16:58:18 UTC] PHP Stack trace:
[14-Feb-2016 16:58:18 UTC] PHP   1. {main}() /home/ubuntu/workspace/ajax/ajaxLogin.php:0
[14-Feb-2016 16:58:18 UTC] PHP   2. Session->destroy() /home/ubuntu/workspace/ajax/ajaxLogin.php:22
[14-Feb-2016 16:58:18 UTC] PHP   3. session_destroy() /home/ubuntu/workspace/clases/Session.php:61
[14-Feb-2016 17:05:20 UTC] PHP Warning:  session_destroy(): Trying to destroy uninitialized session in /home/ubuntu/workspace/clases/Session.php on line 61
[14-Feb-2016 17:05:20 UTC] PHP Stack trace:
[14-Feb-2016 17:05:20 UTC] PHP   1. {main}() /home/ubuntu/workspace/ajax/ajaxLogin.php:0
[14-Feb-2016 17:05:20 UTC] PHP   2. Session->destroy() /home/ubuntu/workspace/ajax/ajaxLogin.php:22
[14-Feb-2016 17:05:20 UTC] PHP   3. session_destroy() /home/ubuntu/workspace/clases/Session.php:61
[14-Feb-2016 17:05:50 UTC] PHP Warning:  session_destroy(): Trying to destroy uninitialized session in /home/ubuntu/workspace/clases/Session.php on line 61
[14-Feb-2016 17:05:50 UTC] PHP Stack trace:
[14-Feb-2016 17:05:50 UTC] PHP   1. {main}() /home/ubuntu/workspace/ajax/ajaxLogin.php:0
[14-Feb-2016 17:05:50 UTC] PHP   2. Session->destroy() /home/ubuntu/workspace/ajax/ajaxLogin.php:22
[14-Feb-2016 17:05:50 UTC] PHP   3. session_destroy() /home/ubuntu/workspace/clases/Session.php:61
[14-Feb-2016 17:07:06 UTC] PHP Warning:  session_destroy(): Trying to destroy uninitialized session in /home/ubuntu/workspace/clases/Session.php on line 61
[14-Feb-2016 17:07:06 UTC] PHP Stack trace:
[14-Feb-2016 17:07:06 UTC] PHP   1. {main}() /home/ubuntu/workspace/ajax/ajaxLogin.php:0
[14-Feb-2016 17:07:06 UTC] PHP   2. Session->destroy() /home/ubuntu/workspace/ajax/ajaxLogin.php:22
[14-Feb-2016 17:07:06 UTC] PHP   3. session_destroy() /home/ubuntu/workspace/clases/Session.php:61
[14-Feb-2016 17:10:41 UTC] PHP Warning:  session_destroy(): Trying to destroy uninitialized session in /home/ubuntu/workspace/clases/Session.php on line 61
[14-Feb-2016 17:10:41 UTC] PHP Stack trace:
[14-Feb-2016 17:10:41 UTC] PHP   1. {main}() /home/ubuntu/workspace/ajax/ajaxLogin.php:0
[14-Feb-2016 17:10:41 UTC] PHP   2. Session->destroy() /home/ubuntu/workspace/ajax/ajaxLogin.php:22
[14-Feb-2016 17:10:41 UTC] PHP   3. session_destroy() /home/ubuntu/workspace/clases/Session.php:61
[14-Feb-2016 17:11:43 UTC] PHP Warning:  session_destroy(): Trying to destroy uninitialized session in /home/ubuntu/workspace/clases/Session.php on line 61
[14-Feb-2016 17:11:43 UTC] PHP Stack trace:
[14-Feb-2016 17:11:43 UTC] PHP   1. {main}() /home/ubuntu/workspace/ajax/ajaxLogin.php:0
[14-Feb-2016 17:11:43 UTC] PHP   2. Session->destroy() /home/ubuntu/workspace/ajax/ajaxLogin.php:22
[14-Feb-2016 17:11:43 UTC] PHP   3. session_destroy() /home/ubuntu/workspace/clases/Session.php:61
[14-Feb-2016 17:26:51 UTC] PHP Warning:  session_destroy(): Trying to destroy uninitialized session in /home/ubuntu/workspace/clases/Session.php on line 61
[14-Feb-2016 17:26:51 UTC] PHP Stack trace:
[14-Feb-2016 17:26:51 UTC] PHP   1. {main}() /home/ubuntu/workspace/ajax/ajaxLogin.php:0
[14-Feb-2016 17:26:51 UTC] PHP   2. Session->destroy() /home/ubuntu/workspace/ajax/ajaxLogin.php:22
[14-Feb-2016 17:26:51 UTC] PHP   3. session_destroy() /home/ubuntu/workspace/clases/Session.php:61
[14-Feb-2016 17:38:35 UTC] PHP Warning:  session_destroy(): Trying to destroy uninitialized session in /home/ubuntu/workspace/clases/Session.php on line 61
[14-Feb-2016 17:38:35 UTC] PHP Stack trace:
[14-Feb-2016 17:38:35 UTC] PHP   1. {main}() /home/ubuntu/workspace/ajax/ajaxLogin.php:0
[14-Feb-2016 17:38:35 UTC] PHP   2. Session->destroy() /home/ubuntu/workspace/ajax/ajaxLogin.php:22
[14-Feb-2016 17:38:35 UTC] PHP   3. session_destroy() /home/ubuntu/workspace/clases/Session.php:61
[14-Feb-2016 18:27:28 UTC] PHP Warning:  session_destroy(): Trying to destroy uninitialized session in /home/ubuntu/workspace/clases/Session.php on line 61
[14-Feb-2016 18:27:28 UTC] PHP Stack trace:
[14-Feb-2016 18:27:28 UTC] PHP   1. {main}() /home/ubuntu/workspace/ajax/ajaxLogin.php:0
[14-Feb-2016 18:27:28 UTC] PHP   2. Session->destroy() /home/ubuntu/workspace/ajax/ajaxLogin.php:28
[14-Feb-2016 18:27:28 UTC] PHP   3. session_destroy() /home/ubuntu/workspace/clases/Session.php:61
[20-Feb-2016 19:21:53 UTC] PHP Fatal error:  Call to a member function getDni() on a non-object in /home/ubuntu/workspace/ajax/ajaxReserva.php on line 12
[20-Feb-2016 19:21:53 UTC] PHP Stack trace:
[20-Feb-2016 19:21:53 UTC] PHP   1. {main}() /home/ubuntu/workspace/ajax/ajaxReserva.php:0
[20-Feb-2016 19:21:54 UTC] PHP Fatal error:  Call to a member function getDni() on a non-object in /home/ubuntu/workspace/ajax/ajaxReserva.php on line 12
[20-Feb-2016 19:21:54 UTC] PHP Stack trace:
[20-Feb-2016 19:21:54 UTC] PHP   1. {main}() /home/ubuntu/workspace/ajax/ajaxReserva.php:0
[20-Feb-2016 19:21:54 UTC] PHP Fatal error:  Call to a member function getDni() on a non-object in /home/ubuntu/workspace/ajax/ajaxReserva.php on line 12
[20-Feb-2016 19:21:54 UTC] PHP Stack trace:
[20-Feb-2016 19:21:54 UTC] PHP   1. {main}() /home/ubuntu/workspace/ajax/ajaxReserva.php:0
[20-Feb-2016 19:21:54 UTC] PHP Fatal error:  Call to a member function getDni() on a non-object in /home/ubuntu/workspace/ajax/ajaxReserva.php on line 12
[20-Feb-2016 19:21:54 UTC] PHP Stack trace:
[20-Feb-2016 19:21:54 UTC] PHP   1. {main}() /home/ubuntu/workspace/ajax/ajaxReserva.php:0
[20-Feb-2016 19:23:45 UTC] PHP Fatal error:  Call to a member function getDni() on a non-object in /home/ubuntu/workspace/ajax/ajaxReserva.php on line 12
[20-Feb-2016 19:23:45 UTC] PHP Stack trace:
[20-Feb-2016 19:23:45 UTC] PHP   1. {main}() /home/ubuntu/workspace/ajax/ajaxReserva.php:0
[20-Feb-2016 19:23:47 UTC] PHP Fatal error:  Call to a member function getDni() on a non-object in /home/ubuntu/workspace/ajax/ajaxReserva.php on line 12
[20-Feb-2016 19:23:47 UTC] PHP Stack trace:
[20-Feb-2016 19:23:47 UTC] PHP   1. {main}() /home/ubuntu/workspace/ajax/ajaxReserva.php:0
[20-Feb-2016 19:24:55 UTC] PHP Fatal error:  Call to a member function getDni() on a non-object in /home/ubuntu/workspace/ajax/ajaxReserva.php on line 12
[20-Feb-2016 19:24:55 UTC] PHP Stack trace:
[20-Feb-2016 19:24:55 UTC] PHP   1. {main}() /home/ubuntu/workspace/ajax/ajaxReserva.php:0
[20-Feb-2016 19:24:57 UTC] PHP Fatal error:  Call to a member function getDni() on a non-object in /home/ubuntu/workspace/ajax/ajaxReserva.php on line 12
[20-Feb-2016 19:24:57 UTC] PHP Stack trace:
[20-Feb-2016 19:24:57 UTC] PHP   1. {main}() /home/ubuntu/workspace/ajax/ajaxReserva.php:0
[20-Feb-2016 19:24:59 UTC] PHP Fatal error:  Call to a member function getDni() on a non-object in /home/ubuntu/workspace/ajax/ajaxReserva.php on line 12
[20-Feb-2016 19:24:59 UTC] PHP Stack trace:
[20-Feb-2016 19:24:59 UTC] PHP   1. {main}() /home/ubuntu/workspace/ajax/ajaxReserva.php:0
[20-Feb-2016 19:25:02 UTC] PHP Fatal error:  Call to a member function getDni() on a non-object in /home/ubuntu/workspace/ajax/ajaxReserva.php on line 12
[20-Feb-2016 19:25:02 UTC] PHP Stack trace:
[20-Feb-2016 19:25:02 UTC] PHP   1. {main}() /home/ubuntu/workspace/ajax/ajaxReserva.php:0
[20-Feb-2016 19:25:03 UTC] PHP Fatal error:  Call to a member function getDni() on a non-object in /home/ubuntu/workspace/ajax/ajaxReserva.php on line 12
[20-Feb-2016 19:25:03 UTC] PHP Stack trace:
[20-Feb-2016 19:25:03 UTC] PHP   1. {main}() /home/ubuntu/workspace/ajax/ajaxReserva.php:0
[20-Feb-2016 19:27:13 UTC] PHP Fatal error:  Call to a member function getDni() on a non-object in /home/ubuntu/workspace/ajax/ajaxReserva.php on line 12
[20-Feb-2016 19:27:13 UTC] PHP Stack trace:
[20-Feb-2016 19:27:13 UTC] PHP   1. {main}() /home/ubuntu/workspace/ajax/ajaxReserva.php:0
[20-Feb-2016 19:50:43 UTC] PHP Fatal error:  Call to a member function getDni() on a non-object in /home/ubuntu/workspace/ajax/ajaxReserva.php on line 11
[20-Feb-2016 19:50:43 UTC] PHP Stack trace:
[20-Feb-2016 19:50:43 UTC] PHP   1. {main}() /home/ubuntu/workspace/ajax/ajaxReserva.php:0
[20-Feb-2016 19:50:46 UTC] PHP Fatal error:  Call to a member function getDni() on a non-object in /home/ubuntu/workspace/ajax/ajaxReserva.php on line 11
[20-Feb-2016 19:50:46 UTC] PHP Stack trace:
[20-Feb-2016 19:50:46 UTC] PHP   1. {main}() /home/ubuntu/workspace/ajax/ajaxReserva.php:0
[20-Feb-2016 19:50:47 UTC] PHP Fatal error:  Call to a member function getDni() on a non-object in /home/ubuntu/workspace/ajax/ajaxReserva.php on line 11
[20-Feb-2016 19:50:47 UTC] PHP Stack trace:
[20-Feb-2016 19:50:47 UTC] PHP   1. {main}() /home/ubuntu/workspace/ajax/ajaxReserva.php:0
[20-Feb-2016 19:50:48 UTC] PHP Fatal error:  Call to a member function getDni() on a non-object in /home/ubuntu/workspace/ajax/ajaxReserva.php on line 11
[20-Feb-2016 19:50:48 UTC] PHP Stack trace:
[20-Feb-2016 19:50:48 UTC] PHP   1. {main}() /home/ubuntu/workspace/ajax/ajaxReserva.php:0
[20-Feb-2016 19:51:23 UTC] PHP Fatal error:  Call to a member function getDni() on a non-object in /home/ubuntu/workspace/ajax/ajaxReserva.php on line 11
[20-Feb-2016 19:51:23 UTC] PHP Stack trace:
[20-Feb-2016 19:51:23 UTC] PHP   1. {main}() /home/ubuntu/workspace/ajax/ajaxReserva.php:0
[20-Feb-2016 19:51:23 UTC] PHP Fatal error:  Call to a member function getDni() on a non-object in /home/ubuntu/workspace/ajax/ajaxReserva.php on line 11
[20-Feb-2016 19:51:23 UTC] PHP Stack trace:
[20-Feb-2016 19:51:23 UTC] PHP   1. {main}() /home/ubuntu/workspace/ajax/ajaxReserva.php:0
[20-Feb-2016 19:51:24 UTC] PHP Fatal error:  Call to a member function getDni() on a non-object in /home/ubuntu/workspace/ajax/ajaxReserva.php on line 11
[20-Feb-2016 19:51:24 UTC] PHP Stack trace:
[20-Feb-2016 19:51:24 UTC] PHP   1. {main}() /home/ubuntu/workspace/ajax/ajaxReserva.php:0
[20-Feb-2016 19:51:24 UTC] PHP Fatal error:  Call to a member function getDni() on a non-object in /home/ubuntu/workspace/ajax/ajaxReserva.php on line 11
[20-Feb-2016 19:51:24 UTC] PHP Stack trace:
[20-Feb-2016 19:51:24 UTC] PHP   1. {main}() /home/ubuntu/workspace/ajax/ajaxReserva.php:0
[20-Feb-2016 19:51:24 UTC] PHP Fatal error:  Call to a member function getDni() on a non-object in /home/ubuntu/workspace/ajax/ajaxReserva.php on line 11
[20-Feb-2016 19:51:24 UTC] PHP Stack trace:
[20-Feb-2016 19:51:24 UTC] PHP   1. {main}() /home/ubuntu/workspace/ajax/ajaxReserva.php:0
[20-Feb-2016 20:47:50 UTC] PHP Catchable fatal error:  Argument 1 passed to ManageReserva::insert() must be an instance of Reserva, null given, called in /home/ubuntu/workspace/ajax/ajaxReserva.php on line 13 and defined in /home/ubuntu/workspace/clases/ManageReserva.php on line 40
[20-Feb-2016 20:47:50 UTC] PHP Stack trace:
[20-Feb-2016 20:47:50 UTC] PHP   1. {main}() /home/ubuntu/workspace/ajax/ajaxReserva.php:0
[20-Feb-2016 20:47:50 UTC] PHP   2. ManageReserva->insert() /home/ubuntu/workspace/ajax/ajaxReserva.php:13
[20-Feb-2016 20:52:33 UTC] PHP Fatal error:  Call to a member function getDni() on a non-object in /home/ubuntu/workspace/ajax/ajaxReserva.php on line 11
[20-Feb-2016 20:52:33 UTC] PHP Stack trace:
[20-Feb-2016 20:52:33 UTC] PHP   1. {main}() /home/ubuntu/workspace/ajax/ajaxReserva.php:0
[20-Feb-2016 20:53:49 UTC] PHP Fatal error:  Call to a member function getDni() on a non-object in /home/ubuntu/workspace/ajax/ajaxReserva.php on line 11
[20-Feb-2016 20:53:49 UTC] PHP Stack trace:
[20-Feb-2016 20:53:49 UTC] PHP   1. {main}() /home/ubuntu/workspace/ajax/ajaxReserva.php:0
[20-Feb-2016 20:55:05 UTC] PHP Fatal error:  Call to a member function getDni() on a non-object in /home/ubuntu/workspace/ajax/ajaxReserva.php on line 11
[20-Feb-2016 20:55:05 UTC] PHP Stack trace:
[20-Feb-2016 20:55:05 UTC] PHP   1. {main}() /home/ubuntu/workspace/ajax/ajaxReserva.php:0
[20-Feb-2016 20:55:30 UTC] PHP Fatal error:  Call to a member function getDni() on a non-object in /home/ubuntu/workspace/ajax/ajaxReserva.php on line 11
[20-Feb-2016 20:55:30 UTC] PHP Stack trace:
[20-Feb-2016 20:55:30 UTC] PHP   1. {main}() /home/ubuntu/workspace/ajax/ajaxReserva.php:0
[20-Feb-2016 20:55:37 UTC] PHP Fatal error:  Call to a member function getDni() on a non-object in /home/ubuntu/workspace/ajax/ajaxReserva.php on line 11
[20-Feb-2016 20:55:37 UTC] PHP Stack trace:
[20-Feb-2016 20:55:37 UTC] PHP   1. {main}() /home/ubuntu/workspace/ajax/ajaxReserva.php:0
[20-Feb-2016 20:56:05 UTC] PHP Fatal error:  Call to a member function getDni() on a non-object in /home/ubuntu/workspace/ajax/ajaxReserva.php on line 11
[20-Feb-2016 20:56:05 UTC] PHP Stack trace:
[20-Feb-2016 20:56:05 UTC] PHP   1. {main}() /home/ubuntu/workspace/ajax/ajaxReserva.php:0
[20-Feb-2016 20:56:54 UTC] PHP Fatal error:  Call to a member function getDni() on a non-object in /home/ubuntu/workspace/ajax/ajaxReserva.php on line 11
[20-Feb-2016 20:56:54 UTC] PHP Stack trace:
[20-Feb-2016 20:56:54 UTC] PHP   1. {main}() /home/ubuntu/workspace/ajax/ajaxReserva.php:0
[20-Feb-2016 20:57:21 UTC] PHP Fatal error:  Call to a member function getDni() on a non-object in /home/ubuntu/workspace/ajax/ajaxReserva.php on line 11
[20-Feb-2016 20:57:21 UTC] PHP Stack trace:
[20-Feb-2016 20:57:21 UTC] PHP   1. {main}() /home/ubuntu/workspace/ajax/ajaxReserva.php:0
[20-Feb-2016 20:58:04 UTC] PHP Fatal error:  Call to a member function getDni() on a non-object in /home/ubuntu/workspace/ajax/ajaxReserva.php on line 11
[20-Feb-2016 20:58:04 UTC] PHP Stack trace:
[20-Feb-2016 20:58:04 UTC] PHP   1. {main}() /home/ubuntu/workspace/ajax/ajaxReserva.php:0
[20-Feb-2016 21:03:55 UTC] PHP Fatal error:  Call to a member function getDni() on a non-object in /home/ubuntu/workspace/ajax/ajaxReserva.php on line 11
[20-Feb-2016 21:03:55 UTC] PHP Stack trace:
[20-Feb-2016 21:03:55 UTC] PHP   1. {main}() /home/ubuntu/workspace/ajax/ajaxReserva.php:0
[20-Feb-2016 21:04:31 UTC] PHP Fatal error:  Call to a member function getDni() on a non-object in /home/ubuntu/workspace/ajax/ajaxReserva.php on line 11
[20-Feb-2016 21:04:31 UTC] PHP Stack trace:
[20-Feb-2016 21:04:31 UTC] PHP   1. {main}() /home/ubuntu/workspace/ajax/ajaxReserva.php:0
[20-Feb-2016 21:11:19 UTC] PHP Fatal error:  Call to a member function getDni() on a non-object in /home/ubuntu/workspace/ajax/ajaxReserva.php on line 11
[20-Feb-2016 21:11:19 UTC] PHP Stack trace:
[20-Feb-2016 21:11:19 UTC] PHP   1. {main}() /home/ubuntu/workspace/ajax/ajaxReserva.php:0
[20-Feb-2016 21:13:08 UTC] PHP Fatal error:  Call to a member function getDni() on a non-object in /home/ubuntu/workspace/ajax/ajaxReserva.php on line 12
[20-Feb-2016 21:13:08 UTC] PHP Stack trace:
[20-Feb-2016 21:13:08 UTC] PHP   1. {main}() /home/ubuntu/workspace/ajax/ajaxReserva.php:0
[20-Feb-2016 21:14:55 UTC] PHP Fatal error:  Call to a member function getDni() on a non-object in /home/ubuntu/workspace/ajax/ajaxReserva.php on line 12
[20-Feb-2016 21:14:55 UTC] PHP Stack trace:
[20-Feb-2016 21:14:55 UTC] PHP   1. {main}() /home/ubuntu/workspace/ajax/ajaxReserva.php:0
[20-Feb-2016 21:16:32 UTC] PHP Fatal error:  Call to a member function getDni() on a non-object in /home/ubuntu/workspace/ajax/ajaxReserva.php on line 12
[20-Feb-2016 21:16:32 UTC] PHP Stack trace:
[20-Feb-2016 21:16:32 UTC] PHP   1. {main}() /home/ubuntu/workspace/ajax/ajaxReserva.php:0
[20-Feb-2016 21:17:03 UTC] PHP Fatal error:  Call to a member function getDni() on a non-object in /home/ubuntu/workspace/ajax/ajaxReserva.php on line 12
[20-Feb-2016 21:17:03 UTC] PHP Stack trace:
[20-Feb-2016 21:17:03 UTC] PHP   1. {main}() /home/ubuntu/workspace/ajax/ajaxReserva.php:0
[20-Feb-2016 21:17:56 UTC] PHP Fatal error:  Call to a member function getDni() on a non-object in /home/ubuntu/workspace/ajax/ajaxReserva.php on line 12
[20-Feb-2016 21:17:56 UTC] PHP Stack trace:
[20-Feb-2016 21:17:56 UTC] PHP   1. {main}() /home/ubuntu/workspace/ajax/ajaxReserva.php:0
[20-Feb-2016 21:18:36 UTC] PHP Fatal error:  Call to a member function getDni() on a non-object in /home/ubuntu/workspace/ajax/ajaxReserva.php on line 12
[20-Feb-2016 21:18:36 UTC] PHP Stack trace:
[20-Feb-2016 21:18:36 UTC] PHP   1. {main}() /home/ubuntu/workspace/ajax/ajaxReserva.php:0
[20-Feb-2016 21:19:22 UTC] PHP Fatal error:  Call to a member function getDni() on a non-object in /home/ubuntu/workspace/ajax/ajaxReserva.php on line 12
[20-Feb-2016 21:19:22 UTC] PHP Stack trace:
[20-Feb-2016 21:19:22 UTC] PHP   1. {main}() /home/ubuntu/workspace/ajax/ajaxReserva.php:0
[20-Feb-2016 21:19:59 UTC] PHP Fatal error:  Call to a member function getDni() on a non-object in /home/ubuntu/workspace/ajax/ajaxReserva.php on line 12
[20-Feb-2016 21:19:59 UTC] PHP Stack trace:
[20-Feb-2016 21:19:59 UTC] PHP   1. {main}() /home/ubuntu/workspace/ajax/ajaxReserva.php:0
[20-Feb-2016 21:21:09 UTC] PHP Fatal error:  Call to a member function getDni() on a non-object in /home/ubuntu/workspace/ajax/ajaxReserva.php on line 28
[20-Feb-2016 21:21:09 UTC] PHP Stack trace:
[20-Feb-2016 21:21:09 UTC] PHP   1. {main}() /home/ubuntu/workspace/ajax/ajaxReserva.php:0
[20-Feb-2016 21:24:00 UTC] PHP Fatal error:  Call to a member function getDni() on a non-object in /home/ubuntu/workspace/ajax/ajaxReserva.php on line 28
[20-Feb-2016 21:24:00 UTC] PHP Stack trace:
[20-Feb-2016 21:24:00 UTC] PHP   1. {main}() /home/ubuntu/workspace/ajax/ajaxReserva.php:0
[21-Feb-2016 10:45:42 UTC] PHP Fatal error:  Call to a member function getDni() on a non-object in /home/ubuntu/workspace/ajax/ajaxReserva.php on line 28
[21-Feb-2016 10:45:42 UTC] PHP Stack trace:
[21-Feb-2016 10:45:42 UTC] PHP   1. {main}() /home/ubuntu/workspace/ajax/ajaxReserva.php:0
[21-Feb-2016 10:45:50 UTC] PHP Fatal error:  Call to a member function getDni() on a non-object in /home/ubuntu/workspace/ajax/ajaxReserva.php on line 18
[21-Feb-2016 10:45:50 UTC] PHP Stack trace:
[21-Feb-2016 10:45:50 UTC] PHP   1. {main}() /home/ubuntu/workspace/ajax/ajaxReserva.php:0
[21-Feb-2016 11:03:52 UTC] PHP Warning:  session_destroy(): Trying to destroy uninitialized session in /home/ubuntu/workspace/clases/Session.php on line 53
[21-Feb-2016 11:03:52 UTC] PHP Stack trace:
[21-Feb-2016 11:03:52 UTC] PHP   1. {main}() /home/ubuntu/workspace/ajax/ajaxLogin.php:0
[21-Feb-2016 11:03:52 UTC] PHP   2. Session->destroy() /home/ubuntu/workspace/ajax/ajaxLogin.php:28
[21-Feb-2016 11:03:52 UTC] PHP   3. session_destroy() /home/ubuntu/workspace/clases/Session.php:53
[21-Feb-2016 11:05:06 UTC] PHP Fatal error:  Call to a member function getDni() on a non-object in /home/ubuntu/workspace/ajax/ajaxReserva.php on line 28
[21-Feb-2016 11:05:06 UTC] PHP Stack trace:
[21-Feb-2016 11:05:06 UTC] PHP   1. {main}() /home/ubuntu/workspace/ajax/ajaxReserva.php:0
[21-Feb-2016 11:06:11 UTC] PHP Fatal error:  Call to a member function getDni() on a non-object in /home/ubuntu/workspace/ajax/ajaxReserva.php on line 28
[21-Feb-2016 11:06:11 UTC] PHP Stack trace:
[21-Feb-2016 11:06:11 UTC] PHP   1. {main}() /home/ubuntu/workspace/ajax/ajaxReserva.php:0
